2025-11-07 15:39:31.391  INFO 1676 --- [main] c.c.r.a.CultDataReportingApiApplication  : Starting CultDataReportingApiApplication v1.0.0 using Java 21.0.5 with PID 1676 2025-11-09 11:22:38.085  INFO 12260 --- [main] c.c.r.a.CultDataReportingApiApplication  : Starting CultDataReportingApiApplication using Java 21.0.5 with PID 12260 (E:\dev-cultdata-mongoreport-api\cultdata-reporting-api\target\classes started by Administrator in E:\dev-cultdata-mongoreport-api\cultdata-reporting-api)
2025-11-09 11:22:38.087  INFO 12260 --- [main] c.c.r.a.CultDataReportingApiApplication  : No active profile set, falling back to 1 default profile: "default"
2025-11-09 11:22:39.629  INFO 12260 --- [main] .s.d.r.c.RepositoryConfigurationDelegate : Bootstrapping Spring Data JPA repositories in DEFAULT mode.
2025-11-09 11:22:39.700  INFO 12260 --- [main] .s.d.r.c.RepositoryConfigurationDelegate : Finished Spring Data repository scanning in 57 ms. Found 1 JPA repository interface.
2025-11-09 11:22:40.646  INFO 12260 --- [main] o.s.b.w.embedded.tomcat.TomcatWebServer  : Tomcat initialized with port 8084 (http)
2025-11-09 11:22:40.662  INFO 12260 --- [main] o.apache.catalina.core.StandardService   : Starting service [Tomcat]
2025-11-09 11:22:40.662  INFO 12260 --- [main] o.apache.catalina.core.StandardEngine    : Starting Servlet engine: [Apache Tomcat/10.1.40]
2025-11-09 11:22:40.806  INFO 12260 --- [main] o.a.c.c.C.[Tomcat].[localhost].[/]       : Initializing Spring embedded WebApplicationContext
2025-11-09 11:22:40.806  INFO 12260 --- [main] w.s.c.ServletWebServerApplicationContext : Root WebApplicationContext: initialization completed in 2670 ms
2025-11-09 11:22:41.252  INFO 12260 --- [main] com.zaxxer.hikari.HikariDataSource       : HikariPool-1 - Starting...
2025-11-09 11:22:41.736  INFO 12260 --- [main] com.zaxxer.hikari.pool.HikariPool        : HikariPool-1 - Added connection org.postgresql.jdbc.PgConnection@49038f97
2025-11-09 11:22:41.744  INFO 12260 --- [main] com.zaxxer.hikari.HikariDataSource       : HikariPool-1 - Start completed.
2025-11-09 11:22:41.853  INFO 12260 --- [main] o.hibernate.jpa.internal.util.LogHelper  : HHH000204: Processing PersistenceUnitInfo [name: default]
2025-11-09 11:22:41.981  INFO 12260 --- [main] org.hibernate.Version                    : HHH000412: Hibernate ORM core version 6.6.13.Final
2025-11-09 11:22:42.070  INFO 12260 --- [main] o.h.c.internal.RegionFactoryInitiator    : HHH000026: Second-level cache disabled
2025-11-09 11:22:42.873  INFO 12260 --- [main] o.s.o.j.p.SpringPersistenceUnitInfo      : No LoadTimeWeaver setup: ignoring JPA class transformer
2025-11-09 11:22:42.968  WARN 12260 --- [main] org.hibernate.orm.deprecation            : HHH90000025: PostgreSQLDialect does not need to be specified explicitly using 'hibernate.dialect' (remove the property setting and it will be selected by default)
2025-11-09 11:22:43.003  INFO 12260 --- [main] org.hibernate.orm.connections.pooling    : HHH10001005: Database info:
	Database JDBC URL [Connecting through datasource 'HikariDataSource (HikariPool-1)']
	Database driver: undefined/unknown
	Database version: 17.4
	Autocommit mode: undefined/unknown
	Isolation level: undefined/unknown
	Minimum pool size: undefined/unknown
	Maximum pool size: undefined/unknown
2025-11-09 11:22:43.927  INFO 12260 --- [main] o.h.e.t.j.p.i.JtaPlatformInitiator       : HHH000489: No JTA platform available (set 'hibernate.transaction.jta.platform' to enable JTA platform integration)
2025-11-09 11:22:43.930  INFO 12260 --- [main] j.LocalContainerEntityManagerFactoryBean : Initialized JPA EntityManagerFactory for persistence unit 'default'
2025-11-09 11:22:44.651  WARN 12260 --- [main] JpaBaseConfiguration$JpaWebConfiguration : spring.jpa.open-in-view is enabled by default. Therefore, database queries may be performed during view rendering. Explicitly configure spring.jpa.open-in-view to disable this warning
2025-11-09 11:22:45.241  INFO 12260 --- [main] o.s.b.w.embedded.tomcat.TomcatWebServer  : Tomcat started on port 8084 (http) with context path '/'
2025-11-09 11:22:45.253  INFO 12260 --- [main] c.c.r.a.CultDataReportingApiApplication  : Started CultDataReportingApiApplication in 7.913 seconds (process running for 8.735)
2025-11-09 11:22:48.623  INFO 12260 --- [http-nio-8084-exec-3] o.a.c.c.C.[Tomcat].[localhost].[/]       : Initializing Spring DispatcherServlet 'dispatcherServlet'
2025-11-09 11:22:48.624  INFO 12260 --- [http-nio-8084-exec-3] o.s.web.servlet.DispatcherServlet        : Initializing Servlet 'dispatcherServlet'
2025-11-09 11:22:48.625  INFO 12260 --- [http-nio-8084-exec-3] o.s.web.servlet.DispatcherServlet        : Completed initialization in 1 ms
2025-11-09 11:22:49.335  INFO 12260 --- [http-nio-8084-exec-8] o.springdoc.api.AbstractOpenApiResource  : Init duration for springdoc-openapi is: 400 ms
2025-11-09 11:44:35.769  INFO 12260 --- [http-nio-8084-exec-1] c.c.r.api.rest.BookingReportController   : GET /api/v1/booking-report called
2025-11-09 11:44:39.987  INFO 12260 --- [SpringApplicationShutdownHook] o.s.b.w.e.tomcat.GracefulShutdown        : Commencing graceful shutdown. Waiting for active requests to complete
2025-11-09 11:44:39.993  INFO 12260 --- [tomcat-shutdown] o.s.b.w.e.tomcat.GracefulShutdown        : Graceful shutdown complete
2025-11-09 11:44:39.997  INFO 12260 --- [SpringApplicationShutdownHook] j.LocalContainerEntityManagerFactoryBean : Closing JPA EntityManagerFactory for persistence unit 'default'
2025-11-09 11:44:40.000  INFO 12260 --- [SpringApplicationShutdownHook] com.zaxxer.hikari.HikariDataSource       : HikariPool-1 - Shutdown initiated...
2025-11-09 11:44:40.008  INFO 12260 --- [SpringApplicationShutdownHook] com.zaxxer.hikari.HikariDataSource       : HikariPool-1 - Shutdown completed.
2025-11-09 11:45:08.888  INFO 8960 --- [main] c.c.r.a.CultDataReportingApiApplication  : Starting CultDataReportingApiApplication using Java 21.0.5 with PID 8960 (E:\dev-cultdata-mongoreport-api\cultdata-reporting-api\target\classes started by Administrator in E:\dev-cultdata-mongoreport-api\cultdata-reporting-api)
2025-11-09 11:45:08.889  INFO 8960 --- [main] c.c.r.a.CultDataReportingApiApplication  : No active profile set, falling back to 1 default profile: "default"
2025-11-09 11:45:09.864  INFO 8960 --- [main] .s.d.r.c.RepositoryConfigurationDelegate : Bootstrapping Spring Data JPA repositories in DEFAULT mode.
2025-11-09 11:45:09.935  INFO 8960 --- [main] .s.d.r.c.RepositoryConfigurationDelegate : Finished Spring Data repository scanning in 60 ms. Found 1 JPA repository interface.
2025-11-09 11:45:10.575  INFO 8960 --- [main] o.s.b.w.embedded.tomcat.TomcatWebServer  : Tomcat initialized with port 8084 (http)
2025-11-09 11:45:10.589  INFO 8960 --- [main] o.apache.catalina.core.StandardService   : Starting service [Tomcat]
2025-11-09 11:45:10.589  INFO 8960 --- [main] o.apache.catalina.core.StandardEngine    : Starting Servlet engine: [Apache Tomcat/10.1.40]
2025-11-09 11:45:10.656  INFO 8960 --- [main] o.a.c.c.C.[Tomcat].[localhost].[/]       : Initializing Spring embedded WebApplicationContext
2025-11-09 11:45:10.657  INFO 8960 --- [main] w.s.c.ServletWebServerApplicationContext : Root WebApplicationContext: initialization completed in 1725 ms
2025-11-09 11:45:10.838  INFO 8960 --- [main] com.zaxxer.hikari.HikariDataSource       : HikariPool-1 - Starting...
2025-11-09 11:45:11.076  INFO 8960 --- [main] com.zaxxer.hikari.pool.HikariPool        : HikariPool-1 - Added connection org.postgresql.jdbc.PgConnection@49038f97
2025-11-09 11:45:11.079  INFO 8960 --- [main] com.zaxxer.hikari.HikariDataSource       : HikariPool-1 - Start completed.
2025-11-09 11:45:11.137  INFO 8960 --- [main] o.hibernate.jpa.internal.util.LogHelper  : HHH000204: Processing PersistenceUnitInfo [name: default]
2025-11-09 11:45:11.181  INFO 8960 --- [main] org.hibernate.Version                    : HHH000412: Hibernate ORM core version 6.6.13.Final
2025-11-09 11:45:11.231  INFO 8960 --- [main] o.h.c.internal.RegionFactoryInitiator    : HHH000026: Second-level cache disabled
2025-11-09 11:45:11.575  INFO 8960 --- [main] o.s.o.j.p.SpringPersistenceUnitInfo      : No LoadTimeWeaver setup: ignoring JPA class transformer
2025-11-09 11:45:11.640  WARN 8960 --- [main] org.hibernate.orm.deprecation            : HHH90000025: PostgreSQLDialect does not need to be specified explicitly using 'hibernate.dialect' (remove the property setting and it will be selected by default)
2025-11-09 11:45:11.660  INFO 8960 --- [main] org.hibernate.orm.connections.pooling    : HHH10001005: Database info:
	Database JDBC URL [Connecting through datasource 'HikariDataSource (HikariPool-1)']
	Database driver: undefined/unknown
	Database version: 17.4
	Autocommit mode: undefined/unknown
	Isolation level: undefined/unknown
	Minimum pool size: undefined/unknown
	Maximum pool size: undefined/unknown
2025-11-09 11:45:12.586  INFO 8960 --- [main] o.h.e.t.j.p.i.JtaPlatformInitiator       : HHH000489: No JTA platform available (set 'hibernate.transaction.jta.platform' to enable JTA platform integration)
2025-11-09 11:45:12.588  INFO 8960 --- [main] j.LocalContainerEntityManagerFactoryBean : Initialized JPA EntityManagerFactory for persistence unit 'default'
2025-11-09 11:45:13.217  WARN 8960 --- [main] JpaBaseConfiguration$JpaWebConfiguration : spring.jpa.open-in-view is enabled by default. Therefore, database queries may be performed during view rendering. Explicitly configure spring.jpa.open-in-view to disable this warning
2025-11-09 11:45:13.711  INFO 8960 --- [main] o.s.b.w.embedded.tomcat.TomcatWebServer  : Tomcat started on port 8084 (http) with context path '/'
2025-11-09 11:45:13.722  INFO 8960 --- [main] c.c.r.a.CultDataReportingApiApplication  : Started CultDataReportingApiApplication in 5.549 seconds (process running for 6.148)
2025-11-09 11:45:20.274  INFO 8960 --- [http-nio-8084-exec-1] o.a.c.c.C.[Tomcat].[localhost].[/]       : Initializing Spring DispatcherServlet 'dispatcherServlet'
2025-11-09 11:45:20.274  INFO 8960 --- [http-nio-8084-exec-1] o.s.web.servlet.DispatcherServlet        : Initializing Servlet 'dispatcherServlet'
2025-11-09 11:45:20.275  INFO 8960 --- [http-nio-8084-exec-1] o.s.web.servlet.DispatcherServlet        : Completed initialization in 1 ms
2025-11-09 11:45:20.332  INFO 8960 --- [http-nio-8084-exec-1] c.c.r.api.rest.BookingReportController   : GET /api/v1/booking-report called
2025-11-09 12:28:17.183  INFO 8960 --- [SpringApplicationShutdownHook] o.s.b.w.e.tomcat.GracefulShutdown        : Commencing graceful shutdown. Waiting for active requests to complete
2025-11-09 12:28:17.187  INFO 8960 --- [tomcat-shutdown] o.s.b.w.e.tomcat.GracefulShutdown        : Graceful shutdown complete
2025-11-09 12:28:17.191  INFO 8960 --- [SpringApplicationShutdownHook] j.LocalContainerEntityManagerFactoryBean : Closing JPA EntityManagerFactory for persistence unit 'default'
2025-11-09 12:28:17.193  INFO 8960 --- [SpringApplicationShutdownHook] com.zaxxer.hikari.HikariDataSource       : HikariPool-1 - Shutdown initiated...
2025-11-09 12:28:17.197  INFO 8960 --- [SpringApplicationShutdownHook] com.zaxxer.hikari.HikariDataSource       : HikariPool-1 - Shutdown completed.
2025-11-09 12:50:06.324  INFO 18536 --- [main] c.c.r.a.CultDataReportingApiApplication  : Starting CultDataReportingApiApplication using Java 21.0.5 with PID 18536 (E:\dev-cultdata-mongoreport-api\cultdata-reporting-api\target\classes started by Administrator in E:\dev-cultdata-mongoreport-api\cultdata-reporting-api)
2025-11-09 12:50:06.326  INFO 18536 --- [main] c.c.r.a.CultDataReportingApiApplication  : No active profile set, falling back to 1 default profile: "default"
2025-11-09 12:50:07.268  INFO 18536 --- [main] .s.d.r.c.RepositoryConfigurationDelegate : Bootstrapping Spring Data JPA repositories in DEFAULT mode.
2025-11-09 12:50:07.336  INFO 18536 --- [main] .s.d.r.c.RepositoryConfigurationDelegate : Finished Spring Data repository scanning in 57 ms. Found 1 JPA repository interface.
2025-11-09 12:50:08.050  INFO 18536 --- [main] o.s.b.w.embedded.tomcat.TomcatWebServer  : Tomcat initialized with port 8084 (http)
2025-11-09 12:50:08.063  INFO 18536 --- [main] o.apache.catalina.core.StandardService   : Starting service [Tomcat]
2025-11-09 12:50:08.063  INFO 18536 --- [main] o.apache.catalina.core.StandardEngine    : Starting Servlet engine: [Apache Tomcat/10.1.40]
2025-11-09 12:50:08.120  INFO 18536 --- [main] o.a.c.c.C.[Tomcat].[localhost].[/]       : Initializing Spring embedded WebApplicationContext
2025-11-09 12:50:08.120  INFO 18536 --- [main] w.s.c.ServletWebServerApplicationContext : Root WebApplicationContext: initialization completed in 1753 ms
2025-11-09 12:50:08.276  INFO 18536 --- [main] com.zaxxer.hikari.HikariDataSource       : HikariPool-1 - Starting...
2025-11-09 12:50:08.511  INFO 18536 --- [main] com.zaxxer.hikari.pool.HikariPool        : HikariPool-1 - Added connection org.postgresql.jdbc.PgConnection@6b6def36
2025-11-09 12:50:08.512  INFO 18536 --- [main] com.zaxxer.hikari.HikariDataSource       : HikariPool-1 - Start completed.
2025-11-09 12:50:08.563  INFO 18536 --- [main] o.hibernate.jpa.internal.util.LogHelper  : HHH000204: Processing PersistenceUnitInfo [name: default]
2025-11-09 12:50:08.624  INFO 18536 --- [main] org.hibernate.Version                    : HHH000412: Hibernate ORM core version 6.6.13.Final
2025-11-09 12:50:08.667  INFO 18536 --- [main] o.h.c.internal.RegionFactoryInitiator    : HHH000026: Second-level cache disabled
2025-11-09 12:50:08.997  INFO 18536 --- [main] o.s.o.j.p.SpringPersistenceUnitInfo      : No LoadTimeWeaver setup: ignoring JPA class transformer
2025-11-09 12:50:09.063  WARN 18536 --- [main] org.hibernate.orm.deprecation            : HHH90000025: PostgreSQLDialect does not need to be specified explicitly using 'hibernate.dialect' (remove the property setting and it will be selected by default)
2025-11-09 12:50:09.082  INFO 18536 --- [main] org.hibernate.orm.connections.pooling    : HHH10001005: Database info:
	Database JDBC URL [Connecting through datasource 'HikariDataSource (HikariPool-1)']
	Database driver: undefined/unknown
	Database version: 17.4
	Autocommit mode: undefined/unknown
	Isolation level: undefined/unknown
	Minimum pool size: undefined/unknown
	Maximum pool size: undefined/unknown
2025-11-09 12:50:10.109  INFO 18536 --- [main] o.h.e.t.j.p.i.JtaPlatformInitiator       : HHH000489: No JTA platform available (set 'hibernate.transaction.jta.platform' to enable JTA platform integration)
2025-11-09 12:50:10.114  INFO 18536 --- [main] j.LocalContainerEntityManagerFactoryBean : Initialized JPA EntityManagerFactory for persistence unit 'default'
2025-11-09 12:50:10.683  WARN 18536 --- [main] JpaBaseConfiguration$JpaWebConfiguration : spring.jpa.open-in-view is enabled by default. Therefore, database queries may be performed during view rendering. Explicitly configure spring.jpa.open-in-view to disable this warning
2025-11-09 12:50:11.221  INFO 18536 --- [main] o.s.b.w.embedded.tomcat.TomcatWebServer  : Tomcat started on port 8084 (http) with context path '/'
2025-11-09 12:50:11.232  INFO 18536 --- [main] c.c.r.a.CultDataReportingApiApplication  : Started CultDataReportingApiApplication in 5.601 seconds (process running for 6.148)
2025-11-09 12:52:32.456  INFO 18536 --- [http-nio-8084-exec-1] o.a.c.c.C.[Tomcat].[localhost].[/]       : Initializing Spring DispatcherServlet 'dispatcherServlet'
2025-11-09 12:52:32.456  INFO 18536 --- [http-nio-8084-exec-1] o.s.web.servlet.DispatcherServlet        : Initializing Servlet 'dispatcherServlet'
2025-11-09 12:52:32.458  INFO 18536 --- [http-nio-8084-exec-1] o.s.web.servlet.DispatcherServlet        : Completed initialization in 2 ms
2025-11-09 12:52:32.509  INFO 18536 --- [http-nio-8084-exec-1] c.c.r.api.rest.BookingReportController   : GET /api/v1/booking-report called
2025-11-09 12:54:27.953  INFO 18536 --- [http-nio-8084-exec-3] c.c.r.api.rest.BookingReportController   : GET /api/v1/booking-report called
2025-11-09 12:55:42.358  WARN 18536 --- [HikariPool-1 housekeeper] com.zaxxer.hikari.pool.HikariPool        : HikariPool-1 - Thread starvation or clock leap detected (housekeeper delta=1m33s639ms971µs100ns).
2025-11-09 12:57:14.318  WARN 18536 --- [HikariPool-1 housekeeper] com.zaxxer.hikari.pool.HikariPool        : HikariPool-1 - Thread starvation or clock leap detected (housekeeper delta=1m31s959ms874µs500ns).
2025-11-09 12:57:14.362  INFO 18536 --- [SpringApplicationShutdownHook] o.s.b.w.e.tomcat.GracefulShutdown        : Commencing graceful shutdown. Waiting for active requests to complete
2025-11-09 12:57:14.368  INFO 18536 --- [tomcat-shutdown] o.s.b.w.e.tomcat.GracefulShutdown        : Graceful shutdown complete
2025-11-09 12:57:14.371  INFO 18536 --- [SpringApplicationShutdownHook] j.LocalContainerEntityManagerFactoryBean : Closing JPA EntityManagerFactory for persistence unit 'default'
2025-11-09 12:57:14.374  INFO 18536 --- [SpringApplicationShutdownHook] com.zaxxer.hikari.HikariDataSource       : HikariPool-1 - Shutdown initiated...
2025-11-09 12:57:14.376  INFO 18536 --- [SpringApplicationShutdownHook] com.zaxxer.hikari.HikariDataSource       : HikariPool-1 - Shutdown completed.
2025-11-09 13:01:52.175  INFO 13576 --- [main] c.c.r.a.CultDataReportingApiApplication  : Starting CultDataReportingApiApplication using Java 21.0.5 with PID 13576 (E:\dev-cultdata-mongoreport-api\cultdata-reporting-api\target\classes started by Administrator in E:\dev-cultdata-mongoreport-api\cultdata-reporting-api)
2025-11-09 13:01:52.176  INFO 13576 --- [main] c.c.r.a.CultDataReportingApiApplication  : No active profile set, falling back to 1 default profile: "default"
2025-11-09 13:01:53.242  INFO 13576 --- [main] .s.d.r.c.RepositoryConfigurationDelegate : Bootstrapping Spring Data JPA repositories in DEFAULT mode.
2025-11-09 13:01:53.329  INFO 13576 --- [main] .s.d.r.c.RepositoryConfigurationDelegate : Finished Spring Data repository scanning in 72 ms. Found 1 JPA repository interface.
2025-11-09 13:01:54.001  INFO 13576 --- [main] o.s.b.w.embedded.tomcat.TomcatWebServer  : Tomcat initialized with port 8084 (http)
2025-11-09 13:01:54.014  INFO 13576 --- [main] o.apache.catalina.core.StandardService   : Starting service [Tomcat]
2025-11-09 13:01:54.015  INFO 13576 --- [main] o.apache.catalina.core.StandardEngine    : Starting Servlet engine: [Apache Tomcat/10.1.40]
2025-11-09 13:01:54.075  INFO 13576 --- [main] o.a.c.c.C.[Tomcat].[localhost].[/]       : Initializing Spring embedded WebApplicationContext
2025-11-09 13:01:54.076  INFO 13576 --- [main] w.s.c.ServletWebServerApplicationContext : Root WebApplicationContext: initialization completed in 1860 ms
2025-11-09 13:01:54.252  INFO 13576 --- [main] com.zaxxer.hikari.HikariDataSource       : HikariPool-1 - Starting...
2025-11-09 13:01:54.532  INFO 13576 --- [main] com.zaxxer.hikari.pool.HikariPool        : HikariPool-1 - Added connection org.postgresql.jdbc.PgConnection@1de7f898
2025-11-09 13:01:54.534  INFO 13576 --- [main] com.zaxxer.hikari.HikariDataSource       : HikariPool-1 - Start completed.
2025-11-09 13:01:54.583  INFO 13576 --- [main] o.hibernate.jpa.internal.util.LogHelper  : HHH000204: Processing PersistenceUnitInfo [name: default]
2025-11-09 13:01:54.630  INFO 13576 --- [main] org.hibernate.Version                    : HHH000412: Hibernate ORM core version 6.6.13.Final
2025-11-09 13:01:54.677  INFO 13576 --- [main] o.h.c.internal.RegionFactoryInitiator    : HHH000026: Second-level cache disabled
2025-11-09 13:01:55.012  INFO 13576 --- [main] o.s.o.j.p.SpringPersistenceUnitInfo      : No LoadTimeWeaver setup: ignoring JPA class transformer
2025-11-09 13:01:55.076  WARN 13576 --- [main] org.hibernate.orm.deprecation            : HHH90000025: PostgreSQLDialect does not need to be specified explicitly using 'hibernate.dialect' (remove the property setting and it will be selected by default)
2025-11-09 13:01:55.090  INFO 13576 --- [main] org.hibernate.orm.connections.pooling    : HHH10001005: Database info:
	Database JDBC URL [Connecting through datasource 'HikariDataSource (HikariPool-1)']
	Database driver: undefined/unknown
	Database version: 17.4
	Autocommit mode: undefined/unknown
	Isolation level: undefined/unknown
	Minimum pool size: undefined/unknown
	Maximum pool size: undefined/unknown
2025-11-09 13:01:55.997  INFO 13576 --- [main] o.h.e.t.j.p.i.JtaPlatformInitiator       : HHH000489: No JTA platform available (set 'hibernate.transaction.jta.platform' to enable JTA platform integration)
2025-11-09 13:01:56.003  INFO 13576 --- [main] j.LocalContainerEntityManagerFactoryBean : Initialized JPA EntityManagerFactory for persistence unit 'default'
2025-11-09 13:01:56.597  WARN 13576 --- [main] JpaBaseConfiguration$JpaWebConfiguration : spring.jpa.open-in-view is enabled by default. Therefore, database queries may be performed during view rendering. Explicitly configure spring.jpa.open-in-view to disable this warning
2025-11-09 13:01:57.091  INFO 13576 --- [main] o.s.b.w.embedded.tomcat.TomcatWebServer  : Tomcat started on port 8084 (http) with context path '/'
2025-11-09 13:01:57.104  INFO 13576 --- [main] c.c.r.a.CultDataReportingApiApplication  : Started CultDataReportingApiApplication in 5.584 seconds (process running for 6.146)
2025-11-09 13:02:08.799  INFO 13576 --- [http-nio-8084-exec-1] o.a.c.c.C.[Tomcat].[localhost].[/]       : Initializing Spring DispatcherServlet 'dispatcherServlet'
2025-11-09 13:02:08.800  INFO 13576 --- [http-nio-8084-exec-1] o.s.web.servlet.DispatcherServlet        : Initializing Servlet 'dispatcherServlet'
2025-11-09 13:02:08.802  INFO 13576 --- [http-nio-8084-exec-1] o.s.web.servlet.DispatcherServlet        : Completed initialization in 2 ms
2025-11-09 13:02:08.853  INFO 13576 --- [http-nio-8084-exec-1] c.c.r.api.rest.BookingReportController   : GET /api/v1/booking-report called
2025-11-09 13:04:08.732  INFO 13576 --- [SpringApplicationShutdownHook] o.s.b.w.e.tomcat.GracefulShutdown        : Commencing graceful shutdown. Waiting for active requests to complete
2025-11-09 13:04:08.737  INFO 13576 --- [tomcat-shutdown] o.s.b.w.e.tomcat.GracefulShutdown        : Graceful shutdown complete
2025-11-09 13:04:08.739  INFO 13576 --- [SpringApplicationShutdownHook] j.LocalContainerEntityManagerFactoryBean : Closing JPA EntityManagerFactory for persistence unit 'default'
2025-11-09 13:04:08.741  INFO 13576 --- [SpringApplicationShutdownHook] com.zaxxer.hikari.HikariDataSource       : HikariPool-1 - Shutdown initiated...
2025-11-09 13:04:08.745  INFO 13576 --- [SpringApplicationShutdownHook] com.zaxxer.hikari.HikariDataSource       : HikariPool-1 - Shutdown completed.
2025-11-09 13:04:12.768  INFO 10804 --- [main] c.c.r.a.CultDataReportingApiApplication  : Starting CultDataReportingApiApplication using Java 21.0.5 with PID 10804 (E:\dev-cultdata-mongoreport-api\cultdata-reporting-api\target\classes started by Administrator in E:\dev-cultdata-mongoreport-api\cultdata-reporting-api)
2025-11-09 13:04:12.770  INFO 10804 --- [main] c.c.r.a.CultDataReportingApiApplication  : No active profile set, falling back to 1 default profile: "default"
2025-11-09 13:04:13.768  INFO 10804 --- [main] .s.d.r.c.RepositoryConfigurationDelegate : Bootstrapping Spring Data JPA repositories in DEFAULT mode.
2025-11-09 13:04:13.865  INFO 10804 --- [main] .s.d.r.c.RepositoryConfigurationDelegate : Finished Spring Data repository scanning in 84 ms. Found 1 JPA repository interface.
2025-11-09 13:04:14.570  INFO 10804 --- [main] o.s.b.w.embedded.tomcat.TomcatWebServer  : Tomcat initialized with port 8084 (http)
2025-11-09 13:04:14.582  INFO 10804 --- [main] o.apache.catalina.core.StandardService   : Starting service [Tomcat]
2025-11-09 13:04:14.583  INFO 10804 --- [main] o.apache.catalina.core.StandardEngine    : Starting Servlet engine: [Apache Tomcat/10.1.40]
2025-11-09 13:04:14.643  INFO 10804 --- [main] o.a.c.c.C.[Tomcat].[localhost].[/]       : Initializing Spring embedded WebApplicationContext
2025-11-09 13:04:14.643  INFO 10804 --- [main] w.s.c.ServletWebServerApplicationContext : Root WebApplicationContext: initialization completed in 1834 ms
2025-11-09 13:04:14.809  INFO 10804 --- [main] com.zaxxer.hikari.HikariDataSource       : HikariPool-1 - Starting...
2025-11-09 13:04:15.043  INFO 10804 --- [main] com.zaxxer.hikari.pool.HikariPool        : HikariPool-1 - Added connection org.postgresql.jdbc.PgConnection@7ad889be
2025-11-09 13:04:15.045  INFO 10804 --- [main] com.zaxxer.hikari.HikariDataSource       : HikariPool-1 - Start completed.
2025-11-09 13:04:15.097  INFO 10804 --- [main] o.hibernate.jpa.internal.util.LogHelper  : HHH000204: Processing PersistenceUnitInfo [name: default]
2025-11-09 13:04:15.147  INFO 10804 --- [main] org.hibernate.Version                    : HHH000412: Hibernate ORM core version 6.6.13.Final
2025-11-09 13:04:15.184  INFO 10804 --- [main] o.h.c.internal.RegionFactoryInitiator    : HHH000026: Second-level cache disabled
2025-11-09 13:04:15.490  INFO 10804 --- [main] o.s.o.j.p.SpringPersistenceUnitInfo      : No LoadTimeWeaver setup: ignoring JPA class transformer
2025-11-09 13:04:15.548  WARN 10804 --- [main] org.hibernate.orm.deprecation            : HHH90000025: PostgreSQLDialect does not need to be specified explicitly using 'hibernate.dialect' (remove the property setting and it will be selected by default)
2025-11-09 13:04:15.563  INFO 10804 --- [main] org.hibernate.orm.connections.pooling    : HHH10001005: Database info:
	Database JDBC URL [Connecting through datasource 'HikariDataSource (HikariPool-1)']
	Database driver: undefined/unknown
	Database version: 17.4
	Autocommit mode: undefined/unknown
	Isolation level: undefined/unknown
	Minimum pool size: undefined/unknown
	Maximum pool size: undefined/unknown
2025-11-09 13:04:16.540  INFO 10804 --- [main] o.h.e.t.j.p.i.JtaPlatformInitiator       : HHH000489: No JTA platform available (set 'hibernate.transaction.jta.platform' to enable JTA platform integration)
2025-11-09 13:04:16.549  INFO 10804 --- [main] j.LocalContainerEntityManagerFactoryBean : Initialized JPA EntityManagerFactory for persistence unit 'default'
2025-11-09 13:04:17.158  WARN 10804 --- [main] JpaBaseConfiguration$JpaWebConfiguration : spring.jpa.open-in-view is enabled by default. Therefore, database queries may be performed during view rendering. Explicitly configure spring.jpa.open-in-view to disable this warning
2025-11-09 13:04:17.751  INFO 10804 --- [main] o.s.b.w.embedded.tomcat.TomcatWebServer  : Tomcat started on port 8084 (http) with context path '/'
2025-11-09 13:04:17.763  INFO 10804 --- [main] c.c.r.a.CultDataReportingApiApplication  : Started CultDataReportingApiApplication in 5.643 seconds (process running for 6.145)
2025-11-09 13:05:43.208  INFO 10804 --- [SpringApplicationShutdownHook] o.s.b.w.e.tomcat.GracefulShutdown        : Commencing graceful shutdown. Waiting for active requests to complete
2025-11-09 13:05:43.213  INFO 10804 --- [tomcat-shutdown] o.s.b.w.e.tomcat.GracefulShutdown        : Graceful shutdown complete
2025-11-09 13:05:43.216  INFO 10804 --- [SpringApplicationShutdownHook] j.LocalContainerEntityManagerFactoryBean : Closing JPA EntityManagerFactory for persistence unit 'default'
2025-11-09 13:05:43.217  INFO 10804 --- [SpringApplicationShutdownHook] com.zaxxer.hikari.HikariDataSource       : HikariPool-1 - Shutdown initiated...
2025-11-09 13:05:43.223  INFO 10804 --- [SpringApplicationShutdownHook] com.zaxxer.hikari.HikariDataSource       : HikariPool-1 - Shutdown completed.
2025-11-09 13:05:47.256  INFO 10820 --- [main] c.c.r.a.CultDataReportingApiApplication  : Starting CultDataReportingApiApplication using Java 21.0.5 with PID 10820 (E:\dev-cultdata-mongoreport-api\cultdata-reporting-api\target\classes started by Administrator in E:\dev-cultdata-mongoreport-api\cultdata-reporting-api)
2025-11-09 13:05:47.258  INFO 10820 --- [main] c.c.r.a.CultDataReportingApiApplication  : No active profile set, falling back to 1 default profile: "default"
2025-11-09 13:05:48.238  INFO 10820 --- [main] .s.d.r.c.RepositoryConfigurationDelegate : Bootstrapping Spring Data JPA repositories in DEFAULT mode.
2025-11-09 13:05:48.324  INFO 10820 --- [main] .s.d.r.c.RepositoryConfigurationDelegate : Finished Spring Data repository scanning in 74 ms. Found 1 JPA repository interface.
2025-11-09 13:05:49.025  INFO 10820 --- [main] o.s.b.w.embedded.tomcat.TomcatWebServer  : Tomcat initialized with port 8084 (http)
2025-11-09 13:05:49.043  INFO 10820 --- [main] o.apache.catalina.core.StandardService   : Starting service [Tomcat]
2025-11-09 13:05:49.043  INFO 10820 --- [main] o.apache.catalina.core.StandardEngine    : Starting Servlet engine: [Apache Tomcat/10.1.40]
2025-11-09 13:05:49.116  INFO 10820 --- [main] o.a.c.c.C.[Tomcat].[localhost].[/]       : Initializing Spring embedded WebApplicationContext
2025-11-09 13:05:49.116  INFO 10820 --- [main] w.s.c.ServletWebServerApplicationContext : Root WebApplicationContext: initialization completed in 1818 ms
2025-11-09 13:05:49.287  INFO 10820 --- [main] com.zaxxer.hikari.HikariDataSource       : HikariPool-1 - Starting...
2025-11-09 13:05:49.605  INFO 10820 --- [main] com.zaxxer.hikari.pool.HikariPool        : HikariPool-1 - Added connection org.postgresql.jdbc.PgConnection@35e2b89f
2025-11-09 13:05:49.606  INFO 10820 --- [main] com.zaxxer.hikari.HikariDataSource       : HikariPool-1 - Start completed.
2025-11-09 13:05:49.652  INFO 10820 --- [main] o.hibernate.jpa.internal.util.LogHelper  : HHH000204: Processing PersistenceUnitInfo [name: default]
2025-11-09 13:05:49.698  INFO 10820 --- [main] org.hibernate.Version                    : HHH000412: Hibernate ORM core version 6.6.13.Final
2025-11-09 13:05:49.739  INFO 10820 --- [main] o.h.c.internal.RegionFactoryInitiator    : HHH000026: Second-level cache disabled
2025-11-09 13:05:50.076  INFO 10820 --- [main] o.s.o.j.p.SpringPersistenceUnitInfo      : No LoadTimeWeaver setup: ignoring JPA class transformer
2025-11-09 13:05:50.147  WARN 10820 --- [main] org.hibernate.orm.deprecation            : HHH90000025: PostgreSQLDialect does not need to be specified explicitly using 'hibernate.dialect' (remove the property setting and it will be selected by default)
2025-11-09 13:05:50.167  INFO 10820 --- [main] org.hibernate.orm.connections.pooling    : HHH10001005: Database info:
	Database JDBC URL [Connecting through datasource 'HikariDataSource (HikariPool-1)']
	Database driver: undefined/unknown
	Database version: 17.4
	Autocommit mode: undefined/unknown
	Isolation level: undefined/unknown
	Minimum pool size: undefined/unknown
	Maximum pool size: undefined/unknown
2025-11-09 13:05:51.033  INFO 10820 --- [main] o.h.e.t.j.p.i.JtaPlatformInitiator       : HHH000489: No JTA platform available (set 'hibernate.transaction.jta.platform' to enable JTA platform integration)
2025-11-09 13:05:51.043  INFO 10820 --- [main] j.LocalContainerEntityManagerFactoryBean : Initialized JPA EntityManagerFactory for persistence unit 'default'
2025-11-09 13:05:51.677  WARN 10820 --- [main] JpaBaseConfiguration$JpaWebConfiguration : spring.jpa.open-in-view is enabled by default. Therefore, database queries may be performed during view rendering. Explicitly configure spring.jpa.open-in-view to disable this warning
2025-11-09 13:05:52.221  INFO 10820 --- [main] o.s.b.w.embedded.tomcat.TomcatWebServer  : Tomcat started on port 8084 (http) with context path '/'
2025-11-09 13:05:52.234  INFO 10820 --- [main] c.c.r.a.CultDataReportingApiApplication  : Started CultDataReportingApiApplication in 5.631 seconds (process running for 6.16)
2025-11-09 13:05:58.584  INFO 10820 --- [http-nio-8084-exec-1] o.a.c.c.C.[Tomcat].[localhost].[/]       : Initializing Spring DispatcherServlet 'dispatcherServlet'
2025-11-09 13:05:58.585  INFO 10820 --- [http-nio-8084-exec-1] o.s.web.servlet.DispatcherServlet        : Initializing Servlet 'dispatcherServlet'
2025-11-09 13:05:58.586  INFO 10820 --- [http-nio-8084-exec-1] o.s.web.servlet.DispatcherServlet        : Completed initialization in 1 ms
2025-11-09 13:05:58.644  INFO 10820 --- [http-nio-8084-exec-1] c.c.r.api.rest.BookingReportController   : GET /api/v1/booking-report called
2025-11-09 13:10:59.624  INFO 10820 --- [SpringApplicationShutdownHook] o.s.b.w.e.tomcat.GracefulShutdown        : Commencing graceful shutdown. Waiting for active requests to complete
2025-11-09 13:10:59.628  INFO 10820 --- [tomcat-shutdown] o.s.b.w.e.tomcat.GracefulShutdown        : Graceful shutdown complete
2025-11-09 13:10:59.631  INFO 10820 --- [SpringApplicationShutdownHook] j.LocalContainerEntityManagerFactoryBean : Closing JPA EntityManagerFactory for persistence unit 'default'
2025-11-09 13:10:59.632  INFO 10820 --- [SpringApplicationShutdownHook] com.zaxxer.hikari.HikariDataSource       : HikariPool-1 - Shutdown initiated...
2025-11-09 13:10:59.635  INFO 10820 --- [SpringApplicationShutdownHook] com.zaxxer.hikari.HikariDataSource       : HikariPool-1 - Shutdown completed.
2025-11-09 13:11:35.056  INFO 8372 --- [main] c.c.r.a.CultDataReportingApiApplication  : Starting CultDataReportingApiApplication using Java 21.0.5 with PID 8372 (E:\dev-cultdata-mongoreport-api\cultdata-reporting-api\target\classes started by Administrator in E:\dev-cultdata-mongoreport-api\cultdata-reporting-api)
2025-11-09 13:11:35.058  INFO 8372 --- [main] c.c.r.a.CultDataReportingApiApplication  : No active profile set, falling back to 1 default profile: "default"
2025-11-09 13:11:36.048  INFO 8372 --- [main] .s.d.r.c.RepositoryConfigurationDelegate : Bootstrapping Spring Data JPA repositories in DEFAULT mode.
2025-11-09 13:11:36.132  INFO 8372 --- [main] .s.d.r.c.RepositoryConfigurationDelegate : Finished Spring Data repository scanning in 71 ms. Found 1 JPA repository interface.
2025-11-09 13:11:36.801  INFO 8372 --- [main] o.s.b.w.embedded.tomcat.TomcatWebServer  : Tomcat initialized with port 8084 (http)
2025-11-09 13:11:36.817  INFO 8372 --- [main] o.apache.catalina.core.StandardService   : Starting service [Tomcat]
2025-11-09 13:11:36.818  INFO 8372 --- [main] o.apache.catalina.core.StandardEngine    : Starting Servlet engine: [Apache Tomcat/10.1.40]
2025-11-09 13:11:36.879  INFO 8372 --- [main] o.a.c.c.C.[Tomcat].[localhost].[/]       : Initializing Spring embedded WebApplicationContext
2025-11-09 13:11:36.880  INFO 8372 --- [main] w.s.c.ServletWebServerApplicationContext : Root WebApplicationContext: initialization completed in 1781 ms
2025-11-09 13:11:37.051  INFO 8372 --- [main] com.zaxxer.hikari.HikariDataSource       : HikariPool-1 - Starting...
2025-11-09 13:11:37.379  INFO 8372 --- [main] com.zaxxer.hikari.pool.HikariPool        : HikariPool-1 - Added connection org.postgresql.jdbc.PgConnection@34fcd292
2025-11-09 13:11:37.382  INFO 8372 --- [main] com.zaxxer.hikari.HikariDataSource       : HikariPool-1 - Start completed.
2025-11-09 13:11:37.424  INFO 8372 --- [main] o.hibernate.jpa.internal.util.LogHelper  : HHH000204: Processing PersistenceUnitInfo [name: default]
2025-11-09 13:11:37.475  INFO 8372 --- [main] org.hibernate.Version                    : HHH000412: Hibernate ORM core version 6.6.13.Final
2025-11-09 13:11:37.514  INFO 8372 --- [main] o.h.c.internal.RegionFactoryInitiator    : HHH000026: Second-level cache disabled
2025-11-09 13:11:37.940  INFO 8372 --- [main] o.s.o.j.p.SpringPersistenceUnitInfo      : No LoadTimeWeaver setup: ignoring JPA class transformer
2025-11-09 13:11:38.041  WARN 8372 --- [main] org.hibernate.orm.deprecation            : HHH90000025: PostgreSQLDialect does not need to be specified explicitly using 'hibernate.dialect' (remove the property setting and it will be selected by default)
2025-11-09 13:11:38.061  INFO 8372 --- [main] org.hibernate.orm.connections.pooling    : HHH10001005: Database info:
	Database JDBC URL [Connecting through datasource 'HikariDataSource (HikariPool-1)']
	Database driver: undefined/unknown
	Database version: 17.4
	Autocommit mode: undefined/unknown
	Isolation level: undefined/unknown
	Minimum pool size: undefined/unknown
	Maximum pool size: undefined/unknown
2025-11-09 13:11:38.936  INFO 8372 --- [main] o.h.e.t.j.p.i.JtaPlatformInitiator       : HHH000489: No JTA platform available (set 'hibernate.transaction.jta.platform' to enable JTA platform integration)
2025-11-09 13:11:38.942  INFO 8372 --- [main] j.LocalContainerEntityManagerFactoryBean : Initialized JPA EntityManagerFactory for persistence unit 'default'
2025-11-09 13:11:39.526  WARN 8372 --- [main] JpaBaseConfiguration$JpaWebConfiguration : spring.jpa.open-in-view is enabled by default. Therefore, database queries may be performed during view rendering. Explicitly configure spring.jpa.open-in-view to disable this warning
2025-11-09 13:11:40.121  INFO 8372 --- [main] o.s.b.w.embedded.tomcat.TomcatWebServer  : Tomcat started on port 8084 (http) with context path '/'
2025-11-09 13:11:40.133  INFO 8372 --- [main] c.c.r.a.CultDataReportingApiApplication  : Started CultDataReportingApiApplication in 5.706 seconds (process running for 6.212)
2025-11-09 13:11:44.882  INFO 8372 --- [http-nio-8084-exec-1] o.a.c.c.C.[Tomcat].[localhost].[/]       : Initializing Spring DispatcherServlet 'dispatcherServlet'
2025-11-09 13:11:44.882  INFO 8372 --- [http-nio-8084-exec-1] o.s.web.servlet.DispatcherServlet        : Initializing Servlet 'dispatcherServlet'
2025-11-09 13:11:44.883  INFO 8372 --- [http-nio-8084-exec-1] o.s.web.servlet.DispatcherServlet        : Completed initialization in 1 ms
2025-11-09 13:11:44.932  INFO 8372 --- [http-nio-8084-exec-1] c.c.r.api.rest.BookingReportController   : GET /api/v1/booking-report called
2025-11-09 13:11:45.041  WARN 8372 --- [http-nio-8084-exec-1] o.h.engine.jdbc.spi.SqlExceptionHelper   : SQL Error: 0, SQLState: 42703
2025-11-09 13:11:45.042 ERROR 8372 --- [http-nio-8084-exec-1] o.h.engine.jdbc.spi.SqlExceptionHelper   : The column name numberOfRoomNights was not found in this ResultSet.
2025-11-09 13:13:46.728  INFO 8372 --- [SpringApplicationShutdownHook] o.s.b.w.e.tomcat.GracefulShutdown        : Commencing graceful shutdown. Waiting for active requests to complete
2025-11-09 13:13:46.732  INFO 8372 --- [tomcat-shutdown] o.s.b.w.e.tomcat.GracefulShutdown        : Graceful shutdown complete
2025-11-09 13:13:46.735  INFO 8372 --- [SpringApplicationShutdownHook] j.LocalContainerEntityManagerFactoryBean : Closing JPA EntityManagerFactory for persistence unit 'default'
2025-11-09 13:13:46.737  INFO 8372 --- [SpringApplicationShutdownHook] com.zaxxer.hikari.HikariDataSource       : HikariPool-1 - Shutdown initiated...
2025-11-09 13:13:46.742  INFO 8372 --- [SpringApplicationShutdownHook] com.zaxxer.hikari.HikariDataSource       : HikariPool-1 - Shutdown completed.
2025-11-09 13:14:03.322  INFO 5932 --- [main] c.c.r.a.CultDataReportingApiApplication  : Starting CultDataReportingApiApplication using Java 21.0.5 with PID 5932 (E:\dev-cultdata-mongoreport-api\cultdata-reporting-api\target\classes started by Administrator in E:\dev-cultdata-mongoreport-api\cultdata-reporting-api)
2025-11-09 13:14:03.324  INFO 5932 --- [main] c.c.r.a.CultDataReportingApiApplication  : No active profile set, falling back to 1 default profile: "default"
2025-11-09 13:14:04.253  INFO 5932 --- [main] .s.d.r.c.RepositoryConfigurationDelegate : Bootstrapping Spring Data JPA repositories in DEFAULT mode.
2025-11-09 13:14:04.334  INFO 5932 --- [main] .s.d.r.c.RepositoryConfigurationDelegate : Finished Spring Data repository scanning in 72 ms. Found 1 JPA repository interface.
2025-11-09 13:14:05.124  INFO 5932 --- [main] o.s.b.w.embedded.tomcat.TomcatWebServer  : Tomcat initialized with port 8084 (http)
2025-11-09 13:14:05.145  INFO 5932 --- [main] o.apache.catalina.core.StandardService   : Starting service [Tomcat]
2025-11-09 13:14:05.146  INFO 5932 --- [main] o.apache.catalina.core.StandardEngine    : Starting Servlet engine: [Apache Tomcat/10.1.40]
2025-11-09 13:14:05.225  INFO 5932 --- [main] o.a.c.c.C.[Tomcat].[localhost].[/]       : Initializing Spring embedded WebApplicationContext
2025-11-09 13:14:05.225  INFO 5932 --- [main] w.s.c.ServletWebServerApplicationContext : Root WebApplicationContext: initialization completed in 1862 ms
2025-11-09 13:14:05.484  INFO 5932 --- [main] com.zaxxer.hikari.HikariDataSource       : HikariPool-1 - Starting...
2025-11-09 13:14:05.749  INFO 5932 --- [main] com.zaxxer.hikari.pool.HikariPool        : HikariPool-1 - Added connection org.postgresql.jdbc.PgConnection@35e2b89f
2025-11-09 13:14:05.751  INFO 5932 --- [main] com.zaxxer.hikari.HikariDataSource       : HikariPool-1 - Start completed.
2025-11-09 13:14:05.827  INFO 5932 --- [main] o.hibernate.jpa.internal.util.LogHelper  : HHH000204: Processing PersistenceUnitInfo [name: default]
2025-11-09 13:14:05.922  INFO 5932 --- [main] org.hibernate.Version                    : HHH000412: Hibernate ORM core version 6.6.13.Final
2025-11-09 13:14:05.987  INFO 5932 --- [main] o.h.c.internal.RegionFactoryInitiator    : HHH000026: Second-level cache disabled
2025-11-09 13:14:06.394  INFO 5932 --- [main] o.s.o.j.p.SpringPersistenceUnitInfo      : No LoadTimeWeaver setup: ignoring JPA class transformer
2025-11-09 13:14:06.453  WARN 5932 --- [main] org.hibernate.orm.deprecation            : HHH90000025: PostgreSQLDialect does not need to be specified explicitly using 'hibernate.dialect' (remove the property setting and it will be selected by default)
2025-11-09 13:14:06.467  INFO 5932 --- [main] org.hibernate.orm.connections.pooling    : HHH10001005: Database info:
	Database JDBC URL [Connecting through datasource 'HikariDataSource (HikariPool-1)']
	Database driver: undefined/unknown
	Database version: 17.4
	Autocommit mode: undefined/unknown
	Isolation level: undefined/unknown
	Minimum pool size: undefined/unknown
	Maximum pool size: undefined/unknown
2025-11-09 13:14:07.388  INFO 5932 --- [main] o.h.e.t.j.p.i.JtaPlatformInitiator       : HHH000489: No JTA platform available (set 'hibernate.transaction.jta.platform' to enable JTA platform integration)
2025-11-09 13:14:07.397  INFO 5932 --- [main] j.LocalContainerEntityManagerFactoryBean : Initialized JPA EntityManagerFactory for persistence unit 'default'
2025-11-09 13:14:08.099  WARN 5932 --- [main] JpaBaseConfiguration$JpaWebConfiguration : spring.jpa.open-in-view is enabled by default. Therefore, database queries may be performed during view rendering. Explicitly configure spring.jpa.open-in-view to disable this warning
2025-11-09 13:14:08.607  INFO 5932 --- [main] o.s.b.w.embedded.tomcat.TomcatWebServer  : Tomcat started on port 8084 (http) with context path '/'
2025-11-09 13:14:08.620  INFO 5932 --- [main] c.c.r.a.CultDataReportingApiApplication  : Started CultDataReportingApiApplication in 5.985 seconds (process running for 6.505)
2025-11-09 13:14:21.319  INFO 5932 --- [http-nio-8084-exec-1] o.a.c.c.C.[Tomcat].[localhost].[/]       : Initializing Spring DispatcherServlet 'dispatcherServlet'
2025-11-09 13:14:21.320  INFO 5932 --- [http-nio-8084-exec-1] o.s.web.servlet.DispatcherServlet        : Initializing Servlet 'dispatcherServlet'
2025-11-09 13:14:21.321  INFO 5932 --- [http-nio-8084-exec-1] o.s.web.servlet.DispatcherServlet        : Completed initialization in 1 ms
2025-11-09 13:14:21.373  INFO 5932 --- [http-nio-8084-exec-1] c.c.r.api.rest.BookingReportController   : GET /api/v1/booking-report called
2025-11-09 13:14:21.474  WARN 5932 --- [http-nio-8084-exec-1] o.h.engine.jdbc.spi.SqlExceptionHelper   : SQL Error: 0, SQLState: 42703
2025-11-09 13:14:21.474 ERROR 5932 --- [http-nio-8084-exec-1] o.h.engine.jdbc.spi.SqlExceptionHelper   : The column name gbv was not found in this ResultSet.
2025-11-09 13:17:40.743  INFO 5932 --- [SpringApplicationShutdownHook] o.s.b.w.e.tomcat.GracefulShutdown        : Commencing graceful shutdown. Waiting for active requests to complete
2025-11-09 13:17:40.748  INFO 5932 --- [tomcat-shutdown] o.s.b.w.e.tomcat.GracefulShutdown        : Graceful shutdown complete
2025-11-09 13:17:40.751  INFO 5932 --- [SpringApplicationShutdownHook] j.LocalContainerEntityManagerFactoryBean : Closing JPA EntityManagerFactory for persistence unit 'default'
2025-11-09 13:17:40.752  INFO 5932 --- [SpringApplicationShutdownHook] com.zaxxer.hikari.HikariDataSource       : HikariPool-1 - Shutdown initiated...
2025-11-09 13:17:40.756  INFO 5932 --- [SpringApplicationShutdownHook] com.zaxxer.hikari.HikariDataSource       : HikariPool-1 - Shutdown completed.
2025-11-09 13:17:56.802  INFO 8312 --- [main] c.c.r.a.CultDataReportingApiApplication  : Starting CultDataReportingApiApplication using Java 21.0.5 with PID 8312 (E:\dev-cultdata-mongoreport-api\cultdata-reporting-api\target\classes started by Administrator in E:\dev-cultdata-mongoreport-api\cultdata-reporting-api)
2025-11-09 13:17:56.804  INFO 8312 --- [main] c.c.r.a.CultDataReportingApiApplication  : No active profile set, falling back to 1 default profile: "default"
2025-11-09 13:17:57.722  INFO 8312 --- [main] .s.d.r.c.RepositoryConfigurationDelegate : Bootstrapping Spring Data JPA repositories in DEFAULT mode.
2025-11-09 13:17:57.799  INFO 8312 --- [main] .s.d.r.c.RepositoryConfigurationDelegate : Finished Spring Data repository scanning in 67 ms. Found 1 JPA repository interface.
2025-11-09 13:17:58.434  INFO 8312 --- [main] o.s.b.w.embedded.tomcat.TomcatWebServer  : Tomcat initialized with port 8084 (http)
2025-11-09 13:17:58.446  INFO 8312 --- [main] o.apache.catalina.core.StandardService   : Starting service [Tomcat]
2025-11-09 13:17:58.446  INFO 8312 --- [main] o.apache.catalina.core.StandardEngine    : Starting Servlet engine: [Apache Tomcat/10.1.40]
2025-11-09 13:17:58.503  INFO 8312 --- [main] o.a.c.c.C.[Tomcat].[localhost].[/]       : Initializing Spring embedded WebApplicationContext
2025-11-09 13:17:58.503  INFO 8312 --- [main] w.s.c.ServletWebServerApplicationContext : Root WebApplicationContext: initialization completed in 1661 ms
2025-11-09 13:17:58.658  INFO 8312 --- [main] com.zaxxer.hikari.HikariDataSource       : HikariPool-1 - Starting...
2025-11-09 13:17:58.893  INFO 8312 --- [main] com.zaxxer.hikari.pool.HikariPool        : HikariPool-1 - Added connection org.postgresql.jdbc.PgConnection@2b2a4332
2025-11-09 13:17:58.895  INFO 8312 --- [main] com.zaxxer.hikari.HikariDataSource       : HikariPool-1 - Start completed.
2025-11-09 13:17:58.942  INFO 8312 --- [main] o.hibernate.jpa.internal.util.LogHelper  : HHH000204: Processing PersistenceUnitInfo [name: default]
2025-11-09 13:17:58.990  INFO 8312 --- [main] org.hibernate.Version                    : HHH000412: Hibernate ORM core version 6.6.13.Final
2025-11-09 13:17:59.031  INFO 8312 --- [main] o.h.c.internal.RegionFactoryInitiator    : HHH000026: Second-level cache disabled
2025-11-09 13:17:59.362  INFO 8312 --- [main] o.s.o.j.p.SpringPersistenceUnitInfo      : No LoadTimeWeaver setup: ignoring JPA class transformer
2025-11-09 13:17:59.428  WARN 8312 --- [main] org.hibernate.orm.deprecation            : HHH90000025: PostgreSQLDialect does not need to be specified explicitly using 'hibernate.dialect' (remove the property setting and it will be selected by default)
2025-11-09 13:17:59.448  INFO 8312 --- [main] org.hibernate.orm.connections.pooling    : HHH10001005: Database info:
	Database JDBC URL [Connecting through datasource 'HikariDataSource (HikariPool-1)']
	Database driver: undefined/unknown
	Database version: 17.4
	Autocommit mode: undefined/unknown
	Isolation level: undefined/unknown
	Minimum pool size: undefined/unknown
	Maximum pool size: undefined/unknown
2025-11-09 13:18:00.389  INFO 8312 --- [main] o.h.e.t.j.p.i.JtaPlatformInitiator       : HHH000489: No JTA platform available (set 'hibernate.transaction.jta.platform' to enable JTA platform integration)
2025-11-09 13:18:00.394  INFO 8312 --- [main] j.LocalContainerEntityManagerFactoryBean : Initialized JPA EntityManagerFactory for persistence unit 'default'
2025-11-09 13:18:00.928  WARN 8312 --- [main] JpaBaseConfiguration$JpaWebConfiguration : spring.jpa.open-in-view is enabled by default. Therefore, database queries may be performed during view rendering. Explicitly configure spring.jpa.open-in-view to disable this warning
2025-11-09 13:18:01.444  INFO 8312 --- [main] o.s.b.w.embedded.tomcat.TomcatWebServer  : Tomcat started on port 8084 (http) with context path '/'
2025-11-09 13:18:01.455  INFO 8312 --- [main] c.c.r.a.CultDataReportingApiApplication  : Started CultDataReportingApiApplication in 5.304 seconds (process running for 5.825)
2025-11-09 13:18:11.308  INFO 8312 --- [http-nio-8084-exec-1] o.a.c.c.C.[Tomcat].[localhost].[/]       : Initializing Spring DispatcherServlet 'dispatcherServlet'
2025-11-09 13:18:11.308  INFO 8312 --- [http-nio-8084-exec-1] o.s.web.servlet.DispatcherServlet        : Initializing Servlet 'dispatcherServlet'
2025-11-09 13:18:11.310  INFO 8312 --- [http-nio-8084-exec-1] o.s.web.servlet.DispatcherServlet        : Completed initialization in 2 ms
2025-11-09 13:18:11.375  INFO 8312 --- [http-nio-8084-exec-1] c.c.r.api.rest.BookingReportController   : GET /api/v1/booking-report called
2025-11-09 13:18:11.496  WARN 8312 --- [http-nio-8084-exec-1] o.h.engine.jdbc.spi.SqlExceptionHelper   : SQL Error: 0, SQLState: 42703
2025-11-09 13:18:11.496 ERROR 8312 --- [http-nio-8084-exec-1] o.h.engine.jdbc.spi.SqlExceptionHelper   : The column name bookingNumberOfRoomNights was not found in this ResultSet.
2025-11-09 13:18:56.217  INFO 8312 --- [SpringApplicationShutdownHook] o.s.b.w.e.tomcat.GracefulShutdown        : Commencing graceful shutdown. Waiting for active requests to complete
2025-11-09 13:18:56.222  INFO 8312 --- [tomcat-shutdown] o.s.b.w.e.tomcat.GracefulShutdown        : Graceful shutdown complete
2025-11-09 13:18:56.224  INFO 8312 --- [SpringApplicationShutdownHook] j.LocalContainerEntityManagerFactoryBean : Closing JPA EntityManagerFactory for persistence unit 'default'
2025-11-09 13:18:56.225  INFO 8312 --- [SpringApplicationShutdownHook] com.zaxxer.hikari.HikariDataSource       : HikariPool-1 - Shutdown initiated...
2025-11-09 13:18:56.228  INFO 8312 --- [SpringApplicationShutdownHook] com.zaxxer.hikari.HikariDataSource       : HikariPool-1 - Shutdown completed.
2025-11-09 13:19:00.157  INFO 10988 --- [main] c.c.r.a.CultDataReportingApiApplication  : Starting CultDataReportingApiApplication using Java 21.0.5 with PID 10988 (E:\dev-cultdata-mongoreport-api\cultdata-reporting-api\target\classes started by Administrator in E:\dev-cultdata-mongoreport-api\cultdata-reporting-api)
2025-11-09 13:19:00.159  INFO 10988 --- [main] c.c.r.a.CultDataReportingApiApplication  : No active profile set, falling back to 1 default profile: "default"
2025-11-09 13:19:01.137  INFO 10988 --- [main] .s.d.r.c.RepositoryConfigurationDelegate : Bootstrapping Spring Data JPA repositories in DEFAULT mode.
2025-11-09 13:19:01.209  INFO 10988 --- [main] .s.d.r.c.RepositoryConfigurationDelegate : Finished Spring Data repository scanning in 62 ms. Found 1 JPA repository interface.
2025-11-09 13:19:01.829  INFO 10988 --- [main] o.s.b.w.embedded.tomcat.TomcatWebServer  : Tomcat initialized with port 8084 (http)
2025-11-09 13:19:01.843  INFO 10988 --- [main] o.apache.catalina.core.StandardService   : Starting service [Tomcat]
2025-11-09 13:19:01.844  INFO 10988 --- [main] o.apache.catalina.core.StandardEngine    : Starting Servlet engine: [Apache Tomcat/10.1.40]
2025-11-09 13:19:01.903  INFO 10988 --- [main] o.a.c.c.C.[Tomcat].[localhost].[/]       : Initializing Spring embedded WebApplicationContext
2025-11-09 13:19:01.904  INFO 10988 --- [main] w.s.c.ServletWebServerApplicationContext : Root WebApplicationContext: initialization completed in 1701 ms
2025-11-09 13:19:02.073  INFO 10988 --- [main] com.zaxxer.hikari.HikariDataSource       : HikariPool-1 - Starting...
2025-11-09 13:19:02.293  INFO 10988 --- [main] com.zaxxer.hikari.pool.HikariPool        : HikariPool-1 - Added connection org.postgresql.jdbc.PgConnection@6d7740f0
2025-11-09 13:19:02.295  INFO 10988 --- [main] com.zaxxer.hikari.HikariDataSource       : HikariPool-1 - Start completed.
2025-11-09 13:19:02.340  INFO 10988 --- [main] o.hibernate.jpa.internal.util.LogHelper  : HHH000204: Processing PersistenceUnitInfo [name: default]
2025-11-09 13:19:02.383  INFO 10988 --- [main] org.hibernate.Version                    : HHH000412: Hibernate ORM core version 6.6.13.Final
2025-11-09 13:19:02.420  INFO 10988 --- [main] o.h.c.internal.RegionFactoryInitiator    : HHH000026: Second-level cache disabled
2025-11-09 13:19:02.784  INFO 10988 --- [main] o.s.o.j.p.SpringPersistenceUnitInfo      : No LoadTimeWeaver setup: ignoring JPA class transformer
2025-11-09 13:19:02.844  WARN 10988 --- [main] org.hibernate.orm.deprecation            : HHH90000025: PostgreSQLDialect does not need to be specified explicitly using 'hibernate.dialect' (remove the property setting and it will be selected by default)
2025-11-09 13:19:02.861  INFO 10988 --- [main] org.hibernate.orm.connections.pooling    : HHH10001005: Database info:
	Database JDBC URL [Connecting through datasource 'HikariDataSource (HikariPool-1)']
	Database driver: undefined/unknown
	Database version: 17.4
	Autocommit mode: undefined/unknown
	Isolation level: undefined/unknown
	Minimum pool size: undefined/unknown
	Maximum pool size: undefined/unknown
2025-11-09 13:19:03.716  INFO 10988 --- [main] o.h.e.t.j.p.i.JtaPlatformInitiator       : HHH000489: No JTA platform available (set 'hibernate.transaction.jta.platform' to enable JTA platform integration)
2025-11-09 13:19:03.722  INFO 10988 --- [main] j.LocalContainerEntityManagerFactoryBean : Initialized JPA EntityManagerFactory for persistence unit 'default'
2025-11-09 13:19:04.244  WARN 10988 --- [main] JpaBaseConfiguration$JpaWebConfiguration : spring.jpa.open-in-view is enabled by default. Therefore, database queries may be performed during view rendering. Explicitly configure spring.jpa.open-in-view to disable this warning
2025-11-09 13:19:04.748  INFO 10988 --- [main] o.s.b.w.embedded.tomcat.TomcatWebServer  : Tomcat started on port 8084 (http) with context path '/'
2025-11-09 13:19:04.758  INFO 10988 --- [main] c.c.r.a.CultDataReportingApiApplication  : Started CultDataReportingApiApplication in 5.244 seconds (process running for 5.749)
2025-11-09 13:19:15.091  INFO 10988 --- [http-nio-8084-exec-2] o.a.c.c.C.[Tomcat].[localhost].[/]       : Initializing Spring DispatcherServlet 'dispatcherServlet'
2025-11-09 13:19:15.091  INFO 10988 --- [http-nio-8084-exec-2] o.s.web.servlet.DispatcherServlet        : Initializing Servlet 'dispatcherServlet'
2025-11-09 13:19:15.093  INFO 10988 --- [http-nio-8084-exec-2] o.s.web.servlet.DispatcherServlet        : Completed initialization in 1 ms
2025-11-09 13:19:15.141  INFO 10988 --- [http-nio-8084-exec-2] c.c.r.api.rest.BookingReportController   : GET /api/v1/booking-report called
2025-11-09 14:16:49.653  INFO 10988 --- [SpringApplicationShutdownHook] o.s.b.w.e.tomcat.GracefulShutdown        : Commencing graceful shutdown. Waiting for active requests to complete
2025-11-09 14:16:49.657  INFO 10988 --- [tomcat-shutdown] o.s.b.w.e.tomcat.GracefulShutdown        : Graceful shutdown complete
2025-11-09 14:16:49.661  INFO 10988 --- [SpringApplicationShutdownHook] j.LocalContainerEntityManagerFactoryBean : Closing JPA EntityManagerFactory for persistence unit 'default'
2025-11-09 14:16:49.663  INFO 10988 --- [SpringApplicationShutdownHook] com.zaxxer.hikari.HikariDataSource       : HikariPool-1 - Shutdown initiated...
2025-11-09 14:16:49.667  INFO 10988 --- [SpringApplicationShutdownHook] com.zaxxer.hikari.HikariDataSource       : HikariPool-1 - Shutdown completed.
2025-11-09 14:17:31.346  INFO 12064 --- [main] c.c.r.a.CultDataReportingApiApplication  : Starting CultDataReportingApiApplication using Java 21.0.5 with PID 12064 (E:\dev-cultdata-mongoreport-api\cultdata-reporting-api\target\classes started by Administrator in E:\dev-cultdata-mongoreport-api\cultdata-reporting-api)
2025-11-09 14:17:31.348  INFO 12064 --- [main] c.c.r.a.CultDataReportingApiApplication  : No active profile set, falling back to 1 default profile: "default"
2025-11-09 14:17:32.330  INFO 12064 --- [main] .s.d.r.c.RepositoryConfigurationDelegate : Bootstrapping Spring Data JPA repositories in DEFAULT mode.
2025-11-09 14:17:32.414  INFO 12064 --- [main] .s.d.r.c.RepositoryConfigurationDelegate : Finished Spring Data repository scanning in 74 ms. Found 1 JPA repository interface.
2025-11-09 14:17:33.094  INFO 12064 --- [main] o.s.b.w.embedded.tomcat.TomcatWebServer  : Tomcat initialized with port 8084 (http)
2025-11-09 14:17:33.108  INFO 12064 --- [main] o.apache.catalina.core.StandardService   : Starting service [Tomcat]
2025-11-09 14:17:33.108  INFO 12064 --- [main] o.apache.catalina.core.StandardEngine    : Starting Servlet engine: [Apache Tomcat/10.1.40]
2025-11-09 14:17:33.167  INFO 12064 --- [main] o.a.c.c.C.[Tomcat].[localhost].[/]       : Initializing Spring embedded WebApplicationContext
2025-11-09 14:17:33.168  INFO 12064 --- [main] w.s.c.ServletWebServerApplicationContext : Root WebApplicationContext: initialization completed in 1779 ms
2025-11-09 14:17:33.331  INFO 12064 --- [main] com.zaxxer.hikari.HikariDataSource       : HikariPool-1 - Starting...
2025-11-09 14:17:33.678  INFO 12064 --- [main] com.zaxxer.hikari.pool.HikariPool        : HikariPool-1 - Added connection org.postgresql.jdbc.PgConnection@afee63
2025-11-09 14:17:33.680  INFO 12064 --- [main] com.zaxxer.hikari.HikariDataSource       : HikariPool-1 - Start completed.
2025-11-09 14:17:33.731  INFO 12064 --- [main] o.hibernate.jpa.internal.util.LogHelper  : HHH000204: Processing PersistenceUnitInfo [name: default]
2025-11-09 14:17:33.785  INFO 12064 --- [main] org.hibernate.Version                    : HHH000412: Hibernate ORM core version 6.6.13.Final
2025-11-09 14:17:33.831  INFO 12064 --- [main] o.h.c.internal.RegionFactoryInitiator    : HHH000026: Second-level cache disabled
2025-11-09 14:17:34.166  INFO 12064 --- [main] o.s.o.j.p.SpringPersistenceUnitInfo      : No LoadTimeWeaver setup: ignoring JPA class transformer
2025-11-09 14:17:34.232  WARN 12064 --- [main] org.hibernate.orm.deprecation            : HHH90000025: PostgreSQLDialect does not need to be specified explicitly using 'hibernate.dialect' (remove the property setting and it will be selected by default)
2025-11-09 14:17:34.246  INFO 12064 --- [main] org.hibernate.orm.connections.pooling    : HHH10001005: Database info:
	Database JDBC URL [Connecting through datasource 'HikariDataSource (HikariPool-1)']
	Database driver: undefined/unknown
	Database version: 17.4
	Autocommit mode: undefined/unknown
	Isolation level: undefined/unknown
	Minimum pool size: undefined/unknown
	Maximum pool size: undefined/unknown
2025-11-09 14:17:35.188  INFO 12064 --- [main] o.h.e.t.j.p.i.JtaPlatformInitiator       : HHH000489: No JTA platform available (set 'hibernate.transaction.jta.platform' to enable JTA platform integration)
2025-11-09 14:17:35.193  INFO 12064 --- [main] j.LocalContainerEntityManagerFactoryBean : Initialized JPA EntityManagerFactory for persistence unit 'default'
2025-11-09 14:17:35.781  WARN 12064 --- [main] JpaBaseConfiguration$JpaWebConfiguration : spring.jpa.open-in-view is enabled by default. Therefore, database queries may be performed during view rendering. Explicitly configure spring.jpa.open-in-view to disable this warning
2025-11-09 14:17:36.306  INFO 12064 --- [main] o.s.b.w.embedded.tomcat.TomcatWebServer  : Tomcat started on port 8084 (http) with context path '/'
2025-11-09 14:17:36.322  INFO 12064 --- [main] c.c.r.a.CultDataReportingApiApplication  : Started CultDataReportingApiApplication in 5.626 seconds (process running for 6.163)
2025-11-09 14:17:47.729  INFO 12064 --- [http-nio-8084-exec-1] o.a.c.c.C.[Tomcat].[localhost].[/]       : Initializing Spring DispatcherServlet 'dispatcherServlet'
2025-11-09 14:17:47.730  INFO 12064 --- [http-nio-8084-exec-1] o.s.web.servlet.DispatcherServlet        : Initializing Servlet 'dispatcherServlet'
2025-11-09 14:17:47.733  INFO 12064 --- [http-nio-8084-exec-1] o.s.web.servlet.DispatcherServlet        : Completed initialization in 3 ms
2025-11-09 14:17:47.781  INFO 12064 --- [http-nio-8084-exec-1] c.c.r.api.rest.BookingReportController   : GET /api/v1/booking-report called
2025-11-09 14:24:16.936  INFO 12064 --- [SpringApplicationShutdownHook] o.s.b.w.e.tomcat.GracefulShutdown        : Commencing graceful shutdown. Waiting for active requests to complete
2025-11-09 14:24:16.940  INFO 12064 --- [tomcat-shutdown] o.s.b.w.e.tomcat.GracefulShutdown        : Graceful shutdown complete
2025-11-09 14:24:16.943  INFO 12064 --- [SpringApplicationShutdownHook] j.LocalContainerEntityManagerFactoryBean : Closing JPA EntityManagerFactory for persistence unit 'default'
2025-11-09 14:24:16.945  INFO 12064 --- [SpringApplicationShutdownHook] com.zaxxer.hikari.HikariDataSource       : HikariPool-1 - Shutdown initiated...
2025-11-09 14:24:16.948  INFO 12064 --- [SpringApplicationShutdownHook] com.zaxxer.hikari.HikariDataSource       : HikariPool-1 - Shutdown completed.
